This is pdfTeX, Version 3.141592653-2.6-1.40.24 (MiKTeX 22.8.28) (preloaded format=pdflatex 2022.9.11)  25 SEP 2022 15:21
entering extended mode
 restricted \write18 enabled.
 %&-line parsing enabled.
**./3.ora.tex
(3.ora.tex
LaTeX2e <2022-06-01> patch level 5
L3 programming layer <2022-08-30>
(C:\Users\Mate\AppData\Local\Programs\MiKTeX\tex/latex/base\article.cls
Document Class: article 2021/10/04 v1.4n Standard LaTeX document class
(C:\Users\Mate\AppData\Local\Programs\MiKTeX\tex/latex/base\size10.clo
File: size10.clo 2021/10/04 v1.4n Standard LaTeX file (size option)
)
\c@part=\count185
\c@section=\count186
\c@subsection=\count187
\c@subsubsection=\count188
\c@paragraph=\count189
\c@subparagraph=\count190
\c@figure=\count191
\c@table=\count192
\abovecaptionskip=\skip47
\belowcaptionskip=\skip48
\bibindent=\dimen138
)
(C:\Users\Mate\AppData\Local\Programs\MiKTeX\tex/latex/graphics\graphicx.sty
Package: graphicx 2021/09/16 v1.2d Enhanced LaTeX Graphics (DPC,SPQR)

(C:\Users\Mate\AppData\Local\Programs\MiKTeX\tex/latex/graphics\keyval.sty
Package: keyval 2022/05/29 v1.15 key=value parser (DPC)
\KV@toks@=\toks16
)
(C:\Users\Mate\AppData\Local\Programs\MiKTeX\tex/latex/graphics\graphics.sty
Package: graphics 2022/03/10 v1.4e Standard LaTeX Graphics (DPC,SPQR)

(C:\Users\Mate\AppData\Local\Programs\MiKTeX\tex/latex/graphics\trig.sty
Package: trig 2021/08/11 v1.11 sin cos tan (DPC)
)
(C:\Users\Mate\AppData\Local\Programs\MiKTeX\tex/latex/graphics-cfg\graphics.cf
g
File: graphics.cfg 2016/06/04 v1.11 sample graphics configuration
)
Package graphics Info: Driver file: pdftex.def on input line 107.

(C:\Users\Mate\AppData\Local\Programs\MiKTeX\tex/latex/graphics-def\pdftex.def
File: pdftex.def 2020/10/05 v1.2a Graphics/color driver for pdftex
))
\Gin@req@height=\dimen139
\Gin@req@width=\dimen140
) (C:\Users\Mate\AppData\Local\Programs\MiKTeX\tex/latex/enumitem\enumitem.sty
Package: enumitem 2019/06/20 v3.9 Customized lists
\labelindent=\skip49
\enit@outerparindent=\dimen141
\enit@toks=\toks17
\enit@inbox=\box51
\enit@count@id=\count193
\enitdp@description=\count194
) (C:\Users\Mate\AppData\Local\Programs\MiKTeX\tex/latex/hulipsum\hulipsum.sty
Package: hulipsum 2020/11/03 v1.1 Hungarian dummy text (Lorum ipse)
\c@hulipsum@count=\count195
)
(C:\Users\Mate\AppData\Local\Programs\MiKTeX\tex/latex/l3backend\l3backend-pdft
ex.def
File: l3backend-pdftex.def 2022-08-30 L3 backend support: PDF output (pdfTeX)
\l__color_backend_stack_int=\count196
\l__pdf_internal_box=\box52
) (3.ora.aux)
\openout1 = `3.ora.aux'.

LaTeX Font Info:    Checking defaults for OML/cmm/m/it on input line 9.
LaTeX Font Info:    ... okay on input line 9.
LaTeX Font Info:    Checking defaults for OMS/cmsy/m/n on input line 9.
LaTeX Font Info:    ... okay on input line 9.
LaTeX Font Info:    Checking defaults for OT1/cmr/m/n on input line 9.
LaTeX Font Info:    ... okay on input line 9.
LaTeX Font Info:    Checking defaults for T1/cmr/m/n on input line 9.
LaTeX Font Info:    ... okay on input line 9.
LaTeX Font Info:    Checking defaults for TS1/cmr/m/n on input line 9.
LaTeX Font Info:    ... okay on input line 9.
LaTeX Font Info:    Checking defaults for OMX/cmex/m/n on input line 9.
LaTeX Font Info:    ... okay on input line 9.
LaTeX Font Info:    Checking defaults for U/cmr/m/n on input line 9.
LaTeX Font Info:    ... okay on input line 9.

(C:\Users\Mate\AppData\Local\Programs\MiKTeX\tex/context/base/mkii\supp-pdf.mki
i
[Loading MPS to PDF converter (version 2006.09.02).]
\scratchcounter=\count197
\scratchdimen=\dimen142
\scratchbox=\box53
\nofMPsegments=\count198
\nofMParguments=\count199
\everyMPshowfont=\toks18
\MPscratchCnt=\count266
\MPscratchDim=\dimen143
\MPnumerator=\count267
\makeMPintoPDFobject=\count268
\everyMPtoPDFconversion=\toks19
)
(C:\Users\Mate\AppData\Local\Programs\MiKTeX\tex/latex/epstopdf-pkg\epstopdf-ba
se.sty
Package: epstopdf-base 2020-01-24 v2.11 Base part for package epstopdf
Package epstopdf-base Info: Redefining graphics rule for `.eps' on input line 4
85.

(C:\Users\Mate\AppData\Local\Programs\MiKTeX\tex/latex/00miktex\epstopdf-sys.cf
g
File: epstopdf-sys.cfg 2021/03/18 v2.0 Configuration of epstopdf for MiKTeX
))
Overfull \hbox (24.07484pt too wide) in paragraph at lines 28--30
\OT1/cmr/m/n/10 fav^^Saj^^Sara. Oda la-tolj^^Sak a dik^^Seket is, ami a molyv^^
Sas f^^?olderen din-gos emtesked^^Sesnek
 []


Overfull \hbox (7.68579pt too wide) in paragraph at lines 30--30
\OT1/cmr/m/n/10 megyere, a sz^^Salyog^^Sak farogj^^Sak a kressz^^Soban szen-cen
, z^^Salt dez}oket. C^^Selzat^^Sasra
 []


Overfull \hbox (1.2959pt too wide) in paragraph at lines 30--30
\OT1/cmr/m/n/10 olyan iz-mu-sokat mo-le-tyk^^Salnak, ame-lyek a z^^Saltak. A gr
iszt^^Sas talt^^Sas kirg^^Seszei
 []


Underfull \hbox (badness 10000) in paragraph at lines 30--32

 []

[1

{C:/Users/Mate/AppData/Local/MiKTeX/fonts/map/pdftex/pdftex.map}]
<kutya.jpg, id=6, 1204.5pt x 632.3625pt>
File: kutya.jpg Graphic file (type jpg)
<use kutya.jpg>
Package pdftex.def Info: kutya.jpg  used on input line 35.
(pdftex.def)             Requested size: 602.24854pt x 316.18048pt.

Overfull \hbox (257.24854pt too wide) in paragraph at lines 35--36
 [][] 
 []

[2 <./kutya.jpg>]
Overfull \hbox (24.07484pt too wide) in paragraph at lines 39--40
\OT1/cmr/m/n/10 fav^^Saj^^Sara. Oda la-tolj^^Sak a dik^^Seket is, ami a molyv^^
Sas f^^?olderen din-gos emtesked^^Sesnek
 []


Overfull \hbox (3.49142pt too wide) in paragraph at lines 40--41
\OT1/cmr/m/n/10 tokain is. Az ^^?utlest kiz^^Sar^^Solag a latag^^So ^^Saltal fr
^^S^^Pg hat^^So j^^Sos^^Sagon lehet p^^?orgeznie,
 []

[3] (3.ora.aux) ) 
Here is how much of TeX's memory you used:
 1855 strings out of 475389
 31389 string characters out of 2777472
 540919 words of memory out of 3000000
 23268 multiletter control sequences out of 15000+600000
 469567 words of font info for 29 fonts, out of 8000000 for 9000
 1141 hyphenation exceptions out of 8191
 55i,7n,62p,1865b,406s stack positions out of 10000i,1000n,20000p,200000b,80000s
<C:/Users/Mate/AppData/Local/Programs/MiKTeX/fonts/type1/publi
c/amsfonts/cm/cmbx10.pfb><C:/Users/Mate/AppData/Local/Programs/MiKTeX/fonts/typ
e1/public/amsfonts/cm/cmr10.pfb>
Output written on 3.ora.pdf (3 pages, 130676 bytes).
PDF statistics:
 23 PDF objects out of 1000 (max. 8388607)
 0 named destinations out of 1000 (max. 500000)
 6 words of extra memory for PDF output out of 10000 (max. 10000000)

